<?xml version="1.0" encoding="UTF-8"?>
<!-- Generated by org.testng.reporters.JUnitReportReporter -->
<testsuite hostname="DESKTOP-OL1IA5J" failures="0" tests="1" name="org.api.automation.testcase.TC_001_ValidateStudentFetchData" time="1.416" errors="0" timestamp="2021-10-01T11:45:08 CDT" skipped="0">
  <testcase classname="org.api.automation.testcase.TC_001_ValidateStudentFetchData" name="validateStudentData" time="1.416"/>
  <system-out/>
</testsuite> <!-- org.api.automation.testcase.TC_001_ValidateStudentFetchData -->
